<?xml version="1.0" encoding="UTF-8"?>
<!-- Generated by org.testng.reporters.JUnitReportReporter -->
<testsuite hostname="Harishs-MacBook-Air.local" failures="0" tests="1" name="executionPack.Execution" time="117.493" errors="0" timestamp="2024-08-18T15:38:50 IST" skipped="0">
  <testcase classname="executionPack.Execution" name="testOpenBrowser" time="117.493"/>
  <system-out/>
</testsuite> <!-- executionPack.Execution -->
